2024-06-28T15:14:46.499+07:00  INFO 4028 --- [RestFulAPIStudent] [main] c.e.r.RestFulApiStudentApplication       : Starting RestFulApiStudentApplication using Java 17.0.10 with PID 4028 (C:\Users\HP One\IdeaProjects\RestFulAPIStudent\target\classes started by HP One in C:\Users\HP One\IdeaProjects\RestFulAPIStudent)
2024-06-28T15:14:46.500+07:00  INFO 4028 --- [RestFulAPIStudent] [main] c.e.r.RestFulApiStudentApplication       : No active profile set, falling back to 1 default profile: "default"
2024-06-28T15:14:46.904+07:00  INFO 4028 --- [RestFulAPIStudent] [main] .s.d.r.c.RepositoryConfigurationDelegate : Bootstrapping Spring Data JPA repositories in DEFAULT mode.
2024-06-28T15:14:46.938+07:00  INFO 4028 --- [RestFulAPIStudent] [main] .s.d.r.c.RepositoryConfigurationDelegate : Finished Spring Data repository scanning in 28 ms. Found 1 JPA repository interface.
2024-06-28T15:14:47.277+07:00  INFO 4028 --- [RestFulAPIStudent] [main] o.s.b.w.embedded.tomcat.TomcatWebServer  : Tomcat initialized with port 8080 (http)
2024-06-28T15:14:47.284+07:00  INFO 4028 --- [RestFulAPIStudent] [main] o.apache.catalina.core.StandardService   : Starting service [Tomcat]
2024-06-28T15:14:47.284+07:00  INFO 4028 --- [RestFulAPIStudent] [main] o.apache.catalina.core.StandardEngine    : Starting Servlet engine: [Apache Tomcat/10.1.25]
2024-06-28T15:14:47.334+07:00  INFO 4028 --- [RestFulAPIStudent] [main] o.a.c.c.C.[Tomcat].[localhost].[/]       : Initializing Spring embedded WebApplicationContext
2024-06-28T15:14:47.334+07:00  INFO 4028 --- [RestFulAPIStudent] [main] w.s.c.ServletWebServerApplicationContext : Root WebApplicationContext: initialization completed in 807 ms
2024-06-28T15:14:47.426+07:00  INFO 4028 --- [RestFulAPIStudent] [main] o.hibernate.jpa.internal.util.LogHelper  : HHH000204: Processing PersistenceUnitInfo [name: default]
2024-06-28T15:14:47.461+07:00  INFO 4028 --- [RestFulAPIStudent] [main] org.hibernate.Version                    : HHH000412: Hibernate ORM core version 6.5.2.Final
2024-06-28T15:14:47.486+07:00  INFO 4028 --- [RestFulAPIStudent] [main] o.h.c.internal.RegionFactoryInitiator    : HHH000026: Second-level cache disabled
2024-06-28T15:14:47.687+07:00  INFO 4028 --- [RestFulAPIStudent] [main] o.s.o.j.p.SpringPersistenceUnitInfo      : No LoadTimeWeaver setup: ignoring JPA class transformer
2024-06-28T15:14:47.705+07:00  INFO 4028 --- [RestFulAPIStudent] [main] com.zaxxer.hikari.HikariDataSource       : HikariPool-1 - Starting...
2024-06-28T15:14:47.806+07:00  INFO 4028 --- [RestFulAPIStudent] [main] com.zaxxer.hikari.pool.HikariPool        : HikariPool-1 - Added connection com.mysql.cj.jdbc.ConnectionImpl@6903ed0e
2024-06-28T15:14:47.808+07:00  INFO 4028 --- [RestFulAPIStudent] [main] com.zaxxer.hikari.HikariDataSource       : HikariPool-1 - Start completed.
2024-06-28T15:14:47.843+07:00  WARN 4028 --- [RestFulAPIStudent] [main] org.hibernate.dialect.Dialect            : HHH000511: The 5.5.5 version for [org.hibernate.dialect.MySQLDialect] is no longer supported, hence certain features may not work properly. The minimum supported version is 8.0.0. Check the community dialects project for available legacy versions.
2024-06-28T15:14:48.371+07:00  INFO 4028 --- [RestFulAPIStudent] [main] o.h.e.t.j.p.i.JtaPlatformInitiator       : HHH000489: No JTA platform available (set 'hibernate.transaction.jta.platform' to enable JTA platform integration)
2024-06-28T15:14:48.397+07:00  INFO 4028 --- [RestFulAPIStudent] [main] j.LocalContainerEntityManagerFactoryBean : Initialized JPA EntityManagerFactory for persistence unit 'default'
2024-06-28T15:14:48.402+07:00  WARN 4028 --- [RestFulAPIStudent] [main] ConfigServletWebServerApplicationContext : Exception encountered during context initialization - cancelling refresh attempt: org.springframework.beans.factory.BeanCreationException: Error creating bean with name 'userController' defined in file [C:\Users\HP One\IdeaProjects\RestFulAPIStudent\target\classes\com\example\restfulapistudent\controller\UserController.class]: null
2024-06-28T15:14:48.403+07:00  INFO 4028 --- [RestFulAPIStudent] [main] j.LocalContainerEntityManagerFactoryBean : Closing JPA EntityManagerFactory for persistence unit 'default'
2024-06-28T15:14:48.406+07:00  INFO 4028 --- [RestFulAPIStudent] [main] com.zaxxer.hikari.HikariDataSource       : HikariPool-1 - Shutdown initiated...
2024-06-28T15:14:48.410+07:00  INFO 4028 --- [RestFulAPIStudent] [main] com.zaxxer.hikari.HikariDataSource       : HikariPool-1 - Shutdown completed.
2024-06-28T15:14:48.411+07:00  INFO 4028 --- [RestFulAPIStudent] [main] o.apache.catalina.core.StandardService   : Stopping service [Tomcat]
2024-06-28T15:14:48.418+07:00  INFO 4028 --- [RestFulAPIStudent] [main] .s.b.a.l.ConditionEvaluationReportLogger : 

Error starting ApplicationContext. To display the condition evaluation report re-run your application with 'debug' enabled.
2024-06-28T15:14:48.430+07:00 ERROR 4028 --- [RestFulAPIStudent] [main] o.s.boot.SpringApplication               : Application run failed

org.springframework.beans.factory.BeanCreationException: Error creating bean with name 'userController' defined in file [C:\Users\HP One\IdeaProjects\RestFulAPIStudent\target\classes\com\example\restfulapistudent\controller\UserController.class]: null
	at org.springframework.beans.factory.support.AbstractAutowireCapableBeanFactory.instantiateBean(AbstractAutowireCapableBeanFactory.java:1319) ~[spring-beans-6.1.10.jar:6.1.10]
	at org.springframework.beans.factory.support.AbstractAutowireCapableBeanFactory.createBeanInstance(AbstractAutowireCapableBeanFactory.java:1204) ~[spring-beans-6.1.10.jar:6.1.10]
	at org.springframework.beans.factory.support.AbstractAutowireCapableBeanFactory.doCreateBean(AbstractAutowireCapableBeanFactory.java:562) ~[spring-beans-6.1.10.jar:6.1.10]
	at org.springframework.beans.factory.support.AbstractAutowireCapableBeanFactory.createBean(AbstractAutowireCapableBeanFactory.java:522) ~[spring-beans-6.1.10.jar:6.1.10]
	at org.springframework.beans.factory.support.AbstractBeanFactory.lambda$doGetBean$0(AbstractBeanFactory.java:337) ~[spring-beans-6.1.10.jar:6.1.10]
	at org.springframework.beans.factory.support.DefaultSingletonBeanRegistry.getSingleton(DefaultSingletonBeanRegistry.java:234) ~[spring-beans-6.1.10.jar:6.1.10]
	at org.springframework.beans.factory.support.AbstractBeanFactory.doGetBean(AbstractBeanFactory.java:335) ~[spring-beans-6.1.10.jar:6.1.10]
	at org.springframework.beans.factory.support.AbstractBeanFactory.getBean(AbstractBeanFactory.java:200) ~[spring-beans-6.1.10.jar:6.1.10]
	at org.springframework.beans.factory.support.DefaultListableBeanFactory.preInstantiateSingletons(DefaultListableBeanFactory.java:975) ~[spring-beans-6.1.10.jar:6.1.10]
	at org.springframework.context.support.AbstractApplicationContext.finishBeanFactoryInitialization(AbstractApplicationContext.java:962) ~[spring-context-6.1.10.jar:6.1.10]
	at org.springframework.context.support.AbstractApplicationContext.refresh(AbstractApplicationContext.java:624) ~[spring-context-6.1.10.jar:6.1.10]
	at org.springframework.boot.web.servlet.context.ServletWebServerApplicationContext.refresh(ServletWebServerApplicationContext.java:146) ~[spring-boot-3.3.1.jar:3.3.1]
	at org.springframework.boot.SpringApplication.refresh(SpringApplication.java:754) ~[spring-boot-3.3.1.jar:3.3.1]
	at org.springframework.boot.SpringApplication.refreshContext(SpringApplication.java:456) ~[spring-boot-3.3.1.jar:3.3.1]
	at org.springframework.boot.SpringApplication.run(SpringApplication.java:335) ~[spring-boot-3.3.1.jar:3.3.1]
	at org.springframework.boot.SpringApplication.run(SpringApplication.java:1363) ~[spring-boot-3.3.1.jar:3.3.1]
	at org.springframework.boot.SpringApplication.run(SpringApplication.java:1352) ~[spring-boot-3.3.1.jar:3.3.1]
	at com.example.restfulapistudent.RestFulApiStudentApplication.main(RestFulApiStudentApplication.java:10) ~[classes/:na]
Caused by: java.lang.ExceptionInInitializerError: null
	at java.base/jdk.internal.reflect.NativeConstructorAccessorImpl.newInstance0(Native Method) ~[na:na]
	at java.base/jdk.internal.reflect.NativeConstructorAccessorImpl.newInstance(NativeConstructorAccessorImpl.java:77) ~[na:na]
	at java.base/jdk.internal.reflect.DelegatingConstructorAccessorImpl.newInstance(DelegatingConstructorAccessorImpl.java:45) ~[na:na]
	at java.base/java.lang.reflect.Constructor.newInstanceWithCaller(Constructor.java:499) ~[na:na]
	at java.base/java.lang.reflect.Constructor.newInstance(Constructor.java:480) ~[na:na]
	at org.springframework.beans.BeanUtils.instantiateClass(BeanUtils.java:195) ~[spring-beans-6.1.10.jar:6.1.10]
	at org.springframework.beans.factory.support.SimpleInstantiationStrategy.instantiate(SimpleInstantiationStrategy.java:88) ~[spring-beans-6.1.10.jar:6.1.10]
	at org.springframework.beans.factory.support.AbstractAutowireCapableBeanFactory.instantiateBean(AbstractAutowireCapableBeanFactory.java:1313) ~[spring-beans-6.1.10.jar:6.1.10]
	... 17 common frames omitted
Caused by: java.lang.ClassCastException: class ch.qos.logback.classic.Logger cannot be cast to class java.util.logging.Logger (ch.qos.logback.classic.Logger is in unnamed module of loader 'app'; java.util.logging.Logger is in module java.logging of loader 'bootstrap')
	at com.example.restfulapistudent.controller.UserController.<clinit>(UserController.java:22) ~[classes/:na]
	... 25 common frames omitted

2024-06-28T15:15:30.577+07:00  INFO 7260 --- [RestFulAPIStudent] [main] c.e.r.RestFulApiStudentApplication       : Starting RestFulApiStudentApplication using Java 17.0.10 with PID 7260 (C:\Users\HP One\IdeaProjects\RestFulAPIStudent\target\classes started by HP One in C:\Users\HP One\IdeaProjects\RestFulAPIStudent)
2024-06-28T15:15:30.579+07:00  INFO 7260 --- [RestFulAPIStudent] [main] c.e.r.RestFulApiStudentApplication       : No active profile set, falling back to 1 default profile: "default"
2024-06-28T15:15:30.951+07:00  INFO 7260 --- [RestFulAPIStudent] [main] .s.d.r.c.RepositoryConfigurationDelegate : Bootstrapping Spring Data JPA repositories in DEFAULT mode.
2024-06-28T15:15:30.990+07:00  INFO 7260 --- [RestFulAPIStudent] [main] .s.d.r.c.RepositoryConfigurationDelegate : Finished Spring Data repository scanning in 33 ms. Found 1 JPA repository interface.
2024-06-28T15:15:31.298+07:00  INFO 7260 --- [RestFulAPIStudent] [main] o.s.b.w.embedded.tomcat.TomcatWebServer  : Tomcat initialized with port 8080 (http)
2024-06-28T15:15:31.305+07:00  INFO 7260 --- [RestFulAPIStudent] [main] o.apache.catalina.core.StandardService   : Starting service [Tomcat]
2024-06-28T15:15:31.305+07:00  INFO 7260 --- [RestFulAPIStudent] [main] o.apache.catalina.core.StandardEngine    : Starting Servlet engine: [Apache Tomcat/10.1.25]
2024-06-28T15:15:31.341+07:00  INFO 7260 --- [RestFulAPIStudent] [main] o.a.c.c.C.[Tomcat].[localhost].[/]       : Initializing Spring embedded WebApplicationContext
2024-06-28T15:15:31.342+07:00  INFO 7260 --- [RestFulAPIStudent] [main] w.s.c.ServletWebServerApplicationContext : Root WebApplicationContext: initialization completed in 735 ms
2024-06-28T15:15:31.456+07:00  INFO 7260 --- [RestFulAPIStudent] [main] o.hibernate.jpa.internal.util.LogHelper  : HHH000204: Processing PersistenceUnitInfo [name: default]
2024-06-28T15:15:31.493+07:00  INFO 7260 --- [RestFulAPIStudent] [main] org.hibernate.Version                    : HHH000412: Hibernate ORM core version 6.5.2.Final
2024-06-28T15:15:31.518+07:00  INFO 7260 --- [RestFulAPIStudent] [main] o.h.c.internal.RegionFactoryInitiator    : HHH000026: Second-level cache disabled
2024-06-28T15:15:31.719+07:00  INFO 7260 --- [RestFulAPIStudent] [main] o.s.o.j.p.SpringPersistenceUnitInfo      : No LoadTimeWeaver setup: ignoring JPA class transformer
2024-06-28T15:15:31.747+07:00  INFO 7260 --- [RestFulAPIStudent] [main] com.zaxxer.hikari.HikariDataSource       : HikariPool-1 - Starting...
2024-06-28T15:15:31.848+07:00  INFO 7260 --- [RestFulAPIStudent] [main] com.zaxxer.hikari.pool.HikariPool        : HikariPool-1 - Added connection com.mysql.cj.jdbc.ConnectionImpl@38f502fc
2024-06-28T15:15:31.850+07:00  INFO 7260 --- [RestFulAPIStudent] [main] com.zaxxer.hikari.HikariDataSource       : HikariPool-1 - Start completed.
2024-06-28T15:15:31.884+07:00  WARN 7260 --- [RestFulAPIStudent] [main] org.hibernate.dialect.Dialect            : HHH000511: The 5.5.5 version for [org.hibernate.dialect.MySQLDialect] is no longer supported, hence certain features may not work properly. The minimum supported version is 8.0.0. Check the community dialects project for available legacy versions.
2024-06-28T15:15:32.423+07:00  INFO 7260 --- [RestFulAPIStudent] [main] o.h.e.t.j.p.i.JtaPlatformInitiator       : HHH000489: No JTA platform available (set 'hibernate.transaction.jta.platform' to enable JTA platform integration)
2024-06-28T15:15:32.447+07:00  INFO 7260 --- [RestFulAPIStudent] [main] j.LocalContainerEntityManagerFactoryBean : Initialized JPA EntityManagerFactory for persistence unit 'default'
2024-06-28T15:15:32.453+07:00  WARN 7260 --- [RestFulAPIStudent] [main] ConfigServletWebServerApplicationContext : Exception encountered during context initialization - cancelling refresh attempt: org.springframework.beans.factory.BeanCreationException: Error creating bean with name 'userController' defined in file [C:\Users\HP One\IdeaProjects\RestFulAPIStudent\target\classes\com\example\restfulapistudent\controller\UserController.class]: null
2024-06-28T15:15:32.454+07:00  INFO 7260 --- [RestFulAPIStudent] [main] j.LocalContainerEntityManagerFactoryBean : Closing JPA EntityManagerFactory for persistence unit 'default'
2024-06-28T15:15:32.456+07:00  INFO 7260 --- [RestFulAPIStudent] [main] com.zaxxer.hikari.HikariDataSource       : HikariPool-1 - Shutdown initiated...
2024-06-28T15:15:32.460+07:00  INFO 7260 --- [RestFulAPIStudent] [main] com.zaxxer.hikari.HikariDataSource       : HikariPool-1 - Shutdown completed.
2024-06-28T15:15:32.461+07:00  INFO 7260 --- [RestFulAPIStudent] [main] o.apache.catalina.core.StandardService   : Stopping service [Tomcat]
2024-06-28T15:15:32.470+07:00  INFO 7260 --- [RestFulAPIStudent] [main] .s.b.a.l.ConditionEvaluationReportLogger : 

Error starting ApplicationContext. To display the condition evaluation report re-run your application with 'debug' enabled.
2024-06-28T15:15:32.481+07:00 ERROR 7260 --- [RestFulAPIStudent] [main] o.s.boot.SpringApplication               : Application run failed

org.springframework.beans.factory.BeanCreationException: Error creating bean with name 'userController' defined in file [C:\Users\HP One\IdeaProjects\RestFulAPIStudent\target\classes\com\example\restfulapistudent\controller\UserController.class]: null
	at org.springframework.beans.factory.support.AbstractAutowireCapableBeanFactory.instantiateBean(AbstractAutowireCapableBeanFactory.java:1319) ~[spring-beans-6.1.10.jar:6.1.10]
	at org.springframework.beans.factory.support.AbstractAutowireCapableBeanFactory.createBeanInstance(AbstractAutowireCapableBeanFactory.java:1204) ~[spring-beans-6.1.10.jar:6.1.10]
	at org.springframework.beans.factory.support.AbstractAutowireCapableBeanFactory.doCreateBean(AbstractAutowireCapableBeanFactory.java:562) ~[spring-beans-6.1.10.jar:6.1.10]
	at org.springframework.beans.factory.support.AbstractAutowireCapableBeanFactory.createBean(AbstractAutowireCapableBeanFactory.java:522) ~[spring-beans-6.1.10.jar:6.1.10]
	at org.springframework.beans.factory.support.AbstractBeanFactory.lambda$doGetBean$0(AbstractBeanFactory.java:337) ~[spring-beans-6.1.10.jar:6.1.10]
	at org.springframework.beans.factory.support.DefaultSingletonBeanRegistry.getSingleton(DefaultSingletonBeanRegistry.java:234) ~[spring-beans-6.1.10.jar:6.1.10]
	at org.springframework.beans.factory.support.AbstractBeanFactory.doGetBean(AbstractBeanFactory.java:335) ~[spring-beans-6.1.10.jar:6.1.10]
	at org.springframework.beans.factory.support.AbstractBeanFactory.getBean(AbstractBeanFactory.java:200) ~[spring-beans-6.1.10.jar:6.1.10]
	at org.springframework.beans.factory.support.DefaultListableBeanFactory.preInstantiateSingletons(DefaultListableBeanFactory.java:975) ~[spring-beans-6.1.10.jar:6.1.10]
	at org.springframework.context.support.AbstractApplicationContext.finishBeanFactoryInitialization(AbstractApplicationContext.java:962) ~[spring-context-6.1.10.jar:6.1.10]
	at org.springframework.context.support.AbstractApplicationContext.refresh(AbstractApplicationContext.java:624) ~[spring-context-6.1.10.jar:6.1.10]
	at org.springframework.boot.web.servlet.context.ServletWebServerApplicationContext.refresh(ServletWebServerApplicationContext.java:146) ~[spring-boot-3.3.1.jar:3.3.1]
	at org.springframework.boot.SpringApplication.refresh(SpringApplication.java:754) ~[spring-boot-3.3.1.jar:3.3.1]
	at org.springframework.boot.SpringApplication.refreshContext(SpringApplication.java:456) ~[spring-boot-3.3.1.jar:3.3.1]
	at org.springframework.boot.SpringApplication.run(SpringApplication.java:335) ~[spring-boot-3.3.1.jar:3.3.1]
	at org.springframework.boot.SpringApplication.run(SpringApplication.java:1363) ~[spring-boot-3.3.1.jar:3.3.1]
	at org.springframework.boot.SpringApplication.run(SpringApplication.java:1352) ~[spring-boot-3.3.1.jar:3.3.1]
	at com.example.restfulapistudent.RestFulApiStudentApplication.main(RestFulApiStudentApplication.java:10) ~[classes/:na]
Caused by: java.lang.ExceptionInInitializerError: null
	at java.base/jdk.internal.reflect.NativeConstructorAccessorImpl.newInstance0(Native Method) ~[na:na]
	at java.base/jdk.internal.reflect.NativeConstructorAccessorImpl.newInstance(NativeConstructorAccessorImpl.java:77) ~[na:na]
	at java.base/jdk.internal.reflect.DelegatingConstructorAccessorImpl.newInstance(DelegatingConstructorAccessorImpl.java:45) ~[na:na]
	at java.base/java.lang.reflect.Constructor.newInstanceWithCaller(Constructor.java:499) ~[na:na]
	at java.base/java.lang.reflect.Constructor.newInstance(Constructor.java:480) ~[na:na]
	at org.springframework.beans.BeanUtils.instantiateClass(BeanUtils.java:195) ~[spring-beans-6.1.10.jar:6.1.10]
	at org.springframework.beans.factory.support.SimpleInstantiationStrategy.instantiate(SimpleInstantiationStrategy.java:88) ~[spring-beans-6.1.10.jar:6.1.10]
	at org.springframework.beans.factory.support.AbstractAutowireCapableBeanFactory.instantiateBean(AbstractAutowireCapableBeanFactory.java:1313) ~[spring-beans-6.1.10.jar:6.1.10]
	... 17 common frames omitted
Caused by: java.lang.ClassCastException: class ch.qos.logback.classic.Logger cannot be cast to class java.util.logging.Logger (ch.qos.logback.classic.Logger is in unnamed module of loader 'app'; java.util.logging.Logger is in module java.logging of loader 'bootstrap')
	at com.example.restfulapistudent.controller.UserController.<clinit>(UserController.java:22) ~[classes/:na]
	... 25 common frames omitted

2024-06-28T15:18:59.030+07:00  INFO 19360 --- [RestFulAPIStudent] [main] c.e.r.RestFulApiStudentApplication       : Starting RestFulApiStudentApplication using Java 17.0.10 with PID 19360 (C:\Users\HP One\IdeaProjects\RestFulAPIStudent\target\classes started by HP One in C:\Users\HP One\IdeaProjects\RestFulAPIStudent)
2024-06-28T15:18:59.032+07:00  INFO 19360 --- [RestFulAPIStudent] [main] c.e.r.RestFulApiStudentApplication       : No active profile set, falling back to 1 default profile: "default"
2024-06-28T15:18:59.404+07:00  INFO 19360 --- [RestFulAPIStudent] [main] .s.d.r.c.RepositoryConfigurationDelegate : Bootstrapping Spring Data JPA repositories in DEFAULT mode.
2024-06-28T15:18:59.445+07:00  INFO 19360 --- [RestFulAPIStudent] [main] .s.d.r.c.RepositoryConfigurationDelegate : Finished Spring Data repository scanning in 37 ms. Found 1 JPA repository interface.
2024-06-28T15:18:59.751+07:00  INFO 19360 --- [RestFulAPIStudent] [main] o.s.b.w.embedded.tomcat.TomcatWebServer  : Tomcat initialized with port 8080 (http)
2024-06-28T15:18:59.758+07:00  INFO 19360 --- [RestFulAPIStudent] [main] o.apache.catalina.core.StandardService   : Starting service [Tomcat]
2024-06-28T15:18:59.759+07:00  INFO 19360 --- [RestFulAPIStudent] [main] o.apache.catalina.core.StandardEngine    : Starting Servlet engine: [Apache Tomcat/10.1.25]
2024-06-28T15:18:59.793+07:00  INFO 19360 --- [RestFulAPIStudent] [main] o.a.c.c.C.[Tomcat].[localhost].[/]       : Initializing Spring embedded WebApplicationContext
2024-06-28T15:18:59.794+07:00  INFO 19360 --- [RestFulAPIStudent] [main] w.s.c.ServletWebServerApplicationContext : Root WebApplicationContext: initialization completed in 735 ms
2024-06-28T15:18:59.892+07:00  INFO 19360 --- [RestFulAPIStudent] [main] o.hibernate.jpa.internal.util.LogHelper  : HHH000204: Processing PersistenceUnitInfo [name: default]
2024-06-28T15:18:59.925+07:00  INFO 19360 --- [RestFulAPIStudent] [main] org.hibernate.Version                    : HHH000412: Hibernate ORM core version 6.5.2.Final
2024-06-28T15:18:59.946+07:00  INFO 19360 --- [RestFulAPIStudent] [main] o.h.c.internal.RegionFactoryInitiator    : HHH000026: Second-level cache disabled
2024-06-28T15:19:00.150+07:00  INFO 19360 --- [RestFulAPIStudent] [main] o.s.o.j.p.SpringPersistenceUnitInfo      : No LoadTimeWeaver setup: ignoring JPA class transformer
2024-06-28T15:19:00.168+07:00  INFO 19360 --- [RestFulAPIStudent] [main] com.zaxxer.hikari.HikariDataSource       : HikariPool-1 - Starting...
2024-06-28T15:19:00.282+07:00  INFO 19360 --- [RestFulAPIStudent] [main] com.zaxxer.hikari.pool.HikariPool        : HikariPool-1 - Added connection com.mysql.cj.jdbc.ConnectionImpl@33a47707
2024-06-28T15:19:00.284+07:00  INFO 19360 --- [RestFulAPIStudent] [main] com.zaxxer.hikari.HikariDataSource       : HikariPool-1 - Start completed.
2024-06-28T15:19:00.318+07:00  WARN 19360 --- [RestFulAPIStudent] [main] org.hibernate.dialect.Dialect            : HHH000511: The 5.5.5 version for [org.hibernate.dialect.MySQLDialect] is no longer supported, hence certain features may not work properly. The minimum supported version is 8.0.0. Check the community dialects project for available legacy versions.
2024-06-28T15:19:00.851+07:00  INFO 19360 --- [RestFulAPIStudent] [main] o.h.e.t.j.p.i.JtaPlatformInitiator       : HHH000489: No JTA platform available (set 'hibernate.transaction.jta.platform' to enable JTA platform integration)
2024-06-28T15:19:00.875+07:00  INFO 19360 --- [RestFulAPIStudent] [main] j.LocalContainerEntityManagerFactoryBean : Initialized JPA EntityManagerFactory for persistence unit 'default'
2024-06-28T15:19:00.880+07:00  WARN 19360 --- [RestFulAPIStudent] [main] ConfigServletWebServerApplicationContext : Exception encountered during context initialization - cancelling refresh attempt: org.springframework.beans.factory.BeanCreationException: Error creating bean with name 'userController' defined in file [C:\Users\HP One\IdeaProjects\RestFulAPIStudent\target\classes\com\example\restfulapistudent\controller\UserController.class]: null
2024-06-28T15:19:00.881+07:00  INFO 19360 --- [RestFulAPIStudent] [main] j.LocalContainerEntityManagerFactoryBean : Closing JPA EntityManagerFactory for persistence unit 'default'
2024-06-28T15:19:00.883+07:00  INFO 19360 --- [RestFulAPIStudent] [main] com.zaxxer.hikari.HikariDataSource       : HikariPool-1 - Shutdown initiated...
2024-06-28T15:19:00.888+07:00  INFO 19360 --- [RestFulAPIStudent] [main] com.zaxxer.hikari.HikariDataSource       : HikariPool-1 - Shutdown completed.
2024-06-28T15:19:00.889+07:00  INFO 19360 --- [RestFulAPIStudent] [main] o.apache.catalina.core.StandardService   : Stopping service [Tomcat]
2024-06-28T15:19:00.896+07:00  INFO 19360 --- [RestFulAPIStudent] [main] .s.b.a.l.ConditionEvaluationReportLogger : 

Error starting ApplicationContext. To display the condition evaluation report re-run your application with 'debug' enabled.
2024-06-28T15:19:00.906+07:00 ERROR 19360 --- [RestFulAPIStudent] [main] o.s.boot.SpringApplication               : Application run failed

org.springframework.beans.factory.BeanCreationException: Error creating bean with name 'userController' defined in file [C:\Users\HP One\IdeaProjects\RestFulAPIStudent\target\classes\com\example\restfulapistudent\controller\UserController.class]: null
	at org.springframework.beans.factory.support.AbstractAutowireCapableBeanFactory.instantiateBean(AbstractAutowireCapableBeanFactory.java:1319) ~[spring-beans-6.1.10.jar:6.1.10]
	at org.springframework.beans.factory.support.AbstractAutowireCapableBeanFactory.createBeanInstance(AbstractAutowireCapableBeanFactory.java:1204) ~[spring-beans-6.1.10.jar:6.1.10]
	at org.springframework.beans.factory.support.AbstractAutowireCapableBeanFactory.doCreateBean(AbstractAutowireCapableBeanFactory.java:562) ~[spring-beans-6.1.10.jar:6.1.10]
	at org.springframework.beans.factory.support.AbstractAutowireCapableBeanFactory.createBean(AbstractAutowireCapableBeanFactory.java:522) ~[spring-beans-6.1.10.jar:6.1.10]
	at org.springframework.beans.factory.support.AbstractBeanFactory.lambda$doGetBean$0(AbstractBeanFactory.java:337) ~[spring-beans-6.1.10.jar:6.1.10]
	at org.springframework.beans.factory.support.DefaultSingletonBeanRegistry.getSingleton(DefaultSingletonBeanRegistry.java:234) ~[spring-beans-6.1.10.jar:6.1.10]
	at org.springframework.beans.factory.support.AbstractBeanFactory.doGetBean(AbstractBeanFactory.java:335) ~[spring-beans-6.1.10.jar:6.1.10]
	at org.springframework.beans.factory.support.AbstractBeanFactory.getBean(AbstractBeanFactory.java:200) ~[spring-beans-6.1.10.jar:6.1.10]
	at org.springframework.beans.factory.support.DefaultListableBeanFactory.preInstantiateSingletons(DefaultListableBeanFactory.java:975) ~[spring-beans-6.1.10.jar:6.1.10]
	at org.springframework.context.support.AbstractApplicationContext.finishBeanFactoryInitialization(AbstractApplicationContext.java:962) ~[spring-context-6.1.10.jar:6.1.10]
	at org.springframework.context.support.AbstractApplicationContext.refresh(AbstractApplicationContext.java:624) ~[spring-context-6.1.10.jar:6.1.10]
	at org.springframework.boot.web.servlet.context.ServletWebServerApplicationContext.refresh(ServletWebServerApplicationContext.java:146) ~[spring-boot-3.3.1.jar:3.3.1]
	at org.springframework.boot.SpringApplication.refresh(SpringApplication.java:754) ~[spring-boot-3.3.1.jar:3.3.1]
	at org.springframework.boot.SpringApplication.refreshContext(SpringApplication.java:456) ~[spring-boot-3.3.1.jar:3.3.1]
	at org.springframework.boot.SpringApplication.run(SpringApplication.java:335) ~[spring-boot-3.3.1.jar:3.3.1]
	at org.springframework.boot.SpringApplication.run(SpringApplication.java:1363) ~[spring-boot-3.3.1.jar:3.3.1]
	at org.springframework.boot.SpringApplication.run(SpringApplication.java:1352) ~[spring-boot-3.3.1.jar:3.3.1]
	at com.example.restfulapistudent.RestFulApiStudentApplication.main(RestFulApiStudentApplication.java:10) ~[classes/:na]
Caused by: java.lang.ExceptionInInitializerError: null
	at java.base/jdk.internal.reflect.NativeConstructorAccessorImpl.newInstance0(Native Method) ~[na:na]
	at java.base/jdk.internal.reflect.NativeConstructorAccessorImpl.newInstance(NativeConstructorAccessorImpl.java:77) ~[na:na]
	at java.base/jdk.internal.reflect.DelegatingConstructorAccessorImpl.newInstance(DelegatingConstructorAccessorImpl.java:45) ~[na:na]
	at java.base/java.lang.reflect.Constructor.newInstanceWithCaller(Constructor.java:499) ~[na:na]
	at java.base/java.lang.reflect.Constructor.newInstance(Constructor.java:480) ~[na:na]
	at org.springframework.beans.BeanUtils.instantiateClass(BeanUtils.java:195) ~[spring-beans-6.1.10.jar:6.1.10]
	at org.springframework.beans.factory.support.SimpleInstantiationStrategy.instantiate(SimpleInstantiationStrategy.java:88) ~[spring-beans-6.1.10.jar:6.1.10]
	at org.springframework.beans.factory.support.AbstractAutowireCapableBeanFactory.instantiateBean(AbstractAutowireCapableBeanFactory.java:1313) ~[spring-beans-6.1.10.jar:6.1.10]
	... 17 common frames omitted
Caused by: java.lang.ClassCastException: class ch.qos.logback.classic.Logger cannot be cast to class java.util.logging.Logger (ch.qos.logback.classic.Logger is in unnamed module of loader 'app'; java.util.logging.Logger is in module java.logging of loader 'bootstrap')
	at com.example.restfulapistudent.controller.UserController.<clinit>(UserController.java:22) ~[classes/:na]
	... 25 common frames omitted

